Построение начато 27.11.2012 19:07:11.
     1>Проект "J:\Славик\1 курс(здача)\Основы программирования\Лаба 7\Labbbbbbbbbbba 7\Labbbbbbbbbbba 7\Labbbbbbbbbbba 7.vcxproj" в узле 2 (целевые объекты build).
     1>InitializeBuildStatus:
         Создание "Debug\Labbbbbbbbbbba 7.unsuccessfulbuild", так как было задано "AlwaysCreate".
       ClCompile:
         C:\Program Files\Microsoft Visual Studio 10.0\VC\bin\CL.exe /c /ZI /nologo /W3 /WX- /Od /Oy- /D WIN32 /D _DEBUG /D _CONSOLE /D _UNICODE /D UNICODE /Gm /EHsc /RTC1 /MDd /GS /fp:precise /Zc:wchar_t /Zc:forScope /Fo"Debug\\" /Fd"Debug\vc100.pdb" /Gd /TP /analyze- /errorReport:prompt "labbbbbbbbbbba 7.cpp"
         labbbbbbbbbbba 7.cpp
       ManifestResourceCompile:
         Для всех выходных данных обновления не требуется.
       Link:
         C:\Program Files\Microsoft Visual Studio 10.0\VC\bin\link.exe /ERRORREPORT:PROMPT /OUT:"J:\Славик\1 курс(здача)\Основы программирования\Лаба 7\Labbbbbbbbbbba 7\Debug\Labbbbbbbbbbba 7.exe" /INCREMENTAL /NOLOGO kernel32.lib user32.lib gdi32.lib winspool.lib comdlg32.lib advapi32.lib shell32.lib ole32.lib oleaut32.lib uuid.lib odbc32.lib odbccp32.lib /MANIFEST /ManifestFile:"Debug\Labbbbbbbbbbba 7.exe.intermediate.manifest" /MANIFESTUAC:"level='asInvoker' uiAccess='false'" /DEBUG /PDB:"J:\Славик\1 курс(здача)\Основы программирования\Лаба 7\Labbbbbbbbbbba 7\Debug\Labbbbbbbbbbba 7.pdb" /SUBSYSTEM:CONSOLE /TLBID:1 /DYNAMICBASE /NXCOMPAT /IMPLIB:"J:\Славик\1 курс(здача)\Основы программирования\Лаба 7\Labbbbbbbbbbba 7\Debug\Labbbbbbbbbbba 7.lib" /MACHINE:X86 "Debug\Labbbbbbbbbbba 7.exe.embed.manifest.res"
         "Debug\labbbbbbbbbbba 7.obj"
       Manifest:
         C:\Program Files\Microsoft SDKs\Windows\v7.0A\bin\mt.exe /nologo /verbose /out:"Debug\Labbbbbbbbbbba 7.exe.embed.manifest" /manifest "Debug\Labbbbbbbbbbba 7.exe.intermediate.manifest"
         Для всех выходных данных обновления не требуется.
       LinkEmbedManifest:
         Для всех выходных данных обновления не требуется.
         Labbbbbbbbbbba 7.vcxproj -> J:\Славик\1 курс(здача)\Основы программирования\Лаба 7\Labbbbbbbbbbba 7\Debug\Labbbbbbbbbbba 7.exe
       FinalizeBuildStatus:
         Файл "Debug\Labbbbbbbbbbba 7.unsuccessfulbuild" удаляется.
         Обращение к "Debug\Labbbbbbbbbbba 7.lastbuildstate".
     1>Построение проекта "J:\Славик\1 курс(здача)\Основы программирования\Лаба 7\Labbbbbbbbbbba 7\Labbbbbbbbbbba 7\Labbbbbbbbbbba 7.vcxproj" завершено (целевые объекты build).

Построение успешно завершено.

Затраченное время: 00:00:10.65
